build/app/intermediates/manifest_merge_blame_file/debug/manifest-merger-blame-debug-report.txt
1<?xml version="1.0" encoding="utf-8"?>
2<manifest xmlns:android="http://schemas.android.com/apk/res/android"
3    package="com.example.payment_gateway"
4    android:versionCode="1"
5    android:versionName="1.0.0" >
6
7    <uses-sdk
8        android:minSdkVersion="21"
9        android:targetSdkVersion="30" />
10    <!--
11         Flutter needs it to communicate with the running application
12         to allow setting breakpoints, to provide hot reload, etc.
13    -->
14    <uses-permission android:name="android.permission.INTERNET" />
14-->src/debug/AndroidManifest.xml:6:5-66
14-->src/debug/AndroidManifest.xml:6:22-64
15    <!-- See https://developer.android.com/training/package-visibility/declaring for more details. -->
16    <queries>
16-->[com.stripe:payments-core:18.1.0] AndroidManifest.xml:10:5-14:15
17
18        <!-- Added to check if Chrome is installed for browser-based payment authentication (e.g. 3DS1). -->
19        <package android:name="com.android.chrome" />
19-->[com.stripe:payments-core:18.1.0] AndroidManifest.xml:13:9-54
19-->[com.stripe:payments-core:18.1.0] AndroidManifest.xml:13:18-51
20    </queries> <!-- Include required permissions for Google Maps API to run. -->
21    <uses-permission android:name="android.permission.ACCESS_NETWORK_STATE" />
21-->[com.google.android.gms:play-services-maps:17.0.0] AndroidManifest.xml:23:5-79
21-->[com.google.android.gms:play-services-maps:17.0.0] AndroidManifest.xml:23:22-76
22
23    <uses-feature
23-->[com.google.android.gms:play-services-maps:17.0.0] AndroidManifest.xml:26:5-28:35
24        android:glEsVersion="0x00020000"
24-->[com.google.android.gms:play-services-maps:17.0.0] AndroidManifest.xml:27:9-41
25        android:required="true" />
25-->[com.google.android.gms:play-services-maps:17.0.0] AndroidManifest.xml:28:9-32
26
27    <application
27-->src/main/AndroidManifest.xml:3:4-40:19
28        android:appComponentFactory="androidx.core.app.CoreComponentFactory"
28-->[androidx.core:core:1.6.0] AndroidManifest.xml:24:18-86
29        android:debuggable="true"
30        android:icon="@mipmap/ic_launcher"
30-->src/main/AndroidManifest.xml:5:9-43
31        android:label="payment_gateway" >
31-->src/main/AndroidManifest.xml:4:9-40
32        <activity
32-->src/main/AndroidManifest.xml:6:9-34:20
33            android:name="com.example.payment_gateway.MainActivity"
33-->src/main/AndroidManifest.xml:7:13-41
34            android:configChanges="orientation|keyboardHidden|keyboard|screenSize|smallestScreenSize|locale|layoutDirection|fontScale|screenLayout|density|uiMode"
34-->src/main/AndroidManifest.xml:10:13-163
35            android:hardwareAccelerated="true"
35-->src/main/AndroidManifest.xml:11:13-47
36            android:launchMode="singleTop"
36-->src/main/AndroidManifest.xml:8:13-43
37            android:theme="@style/LaunchTheme"
37-->src/main/AndroidManifest.xml:9:13-47
38            android:windowSoftInputMode="adjustResize" >
38-->src/main/AndroidManifest.xml:12:13-55
39
40            <!--
41                 Specifies an Android theme to apply to this Activity as soon as
42                 the Android process has started. This theme is visible to the user
43                 while the Flutter UI initializes. After that, this theme continues
44                 to determine the Window background behind the Flutter UI.
45            -->
46            <meta-data
46-->src/main/AndroidManifest.xml:17:13-20:17
47                android:name="io.flutter.embedding.android.NormalTheme"
47-->src/main/AndroidManifest.xml:18:15-70
48                android:resource="@style/NormalTheme" />
48-->src/main/AndroidManifest.xml:19:15-52
49            <!--
50                 Displays an Android View that continues showing the launch screen
51                 Drawable until Flutter paints its first frame, then this splash
52                 screen fades out. A splash screen is useful to avoid any visual
53                 gap between the end of Android's launch screen and the painting of
54                 Flutter's first frame.
55            -->
56            <meta-data
56-->src/main/AndroidManifest.xml:26:13-29:17
57                android:name="io.flutter.embedding.android.SplashScreenDrawable"
57-->src/main/AndroidManifest.xml:27:15-79
58                android:resource="@drawable/launch_background" />
58-->src/main/AndroidManifest.xml:28:15-61
59
60            <intent-filter>
60-->src/main/AndroidManifest.xml:30:13-33:29
61                <action android:name="android.intent.action.MAIN" />
61-->src/main/AndroidManifest.xml:31:17-68
61-->src/main/AndroidManifest.xml:31:25-66
62
63                <category android:name="android.intent.category.LAUNCHER" />
63-->src/main/AndroidManifest.xml:32:17-76
63-->src/main/AndroidManifest.xml:32:27-74
64            </intent-filter>
65        </activity>
66        <!--
67             Don't delete the meta-data below.
68             This is used by the Flutter tool to generate GeneratedPluginRegistrant.java
69        -->
70        <meta-data
70-->src/main/AndroidManifest.xml:37:9-39:33
71            android:name="flutterEmbedding"
71-->src/main/AndroidManifest.xml:38:13-44
72            android:value="2" />
72-->src/main/AndroidManifest.xml:39:13-30
73
74        <activity
74-->[:razorpay_flutter] AndroidManifest.xml:8:9-11:20
75            android:name="com.razorpay.CheckoutActivity"
75-->[:razorpay_flutter] AndroidManifest.xml:9:13-57
76            android:configChanges="keyboard|keyboardHidden|orientation|screenSize"
76-->[com.razorpay:checkout:1.6.10] AndroidManifest.xml:20:13-83
77            android:label="Razorpay Checkout"
77-->[:razorpay_flutter] AndroidManifest.xml:10:13-46
78            android:theme="@style/CheckoutTheme" >
78-->[com.razorpay:checkout:1.6.10] AndroidManifest.xml:21:13-49
79            <intent-filter>
79-->[com.razorpay:checkout:1.6.10] AndroidManifest.xml:22:13-28:29
80                <action android:name="android.intent.action.MAIN" />
80-->src/main/AndroidManifest.xml:31:17-68
80-->src/main/AndroidManifest.xml:31:25-66
81
82                <data
82-->[com.stripe:payments-core:18.1.0] AndroidManifest.xml:55:17-58:50
83                    android:host="rzp.io"
83-->[com.stripe:payments-core:18.1.0] AndroidManifest.xml:56:21-54
84                    android:scheme="io.rzp" />
84-->[com.stripe:payments-core:18.1.0] AndroidManifest.xml:58:21-47
85            </intent-filter>
86        </activity>
87        <activity
87-->[com.stripe:paymentsheet:18.1.0] AndroidManifest.xml:10:9-13:69
88            android:name="com.stripe.android.paymentsheet.PaymentSheetActivity"
88-->[com.stripe:paymentsheet:18.1.0] AndroidManifest.xml:11:13-80
89            android:exported="false"
89-->[com.stripe:paymentsheet:18.1.0] AndroidManifest.xml:12:13-37
90            android:theme="@style/StripePaymentSheetDefaultTheme" />
90-->[com.stripe:paymentsheet:18.1.0] AndroidManifest.xml:13:13-66
91        <activity
91-->[com.stripe:paymentsheet:18.1.0] AndroidManifest.xml:14:9-17:69
92            android:name="com.stripe.android.paymentsheet.PaymentOptionsActivity"
92-->[com.stripe:paymentsheet:18.1.0] AndroidManifest.xml:15:13-82
93            android:exported="false"
93-->[com.stripe:paymentsheet:18.1.0] AndroidManifest.xml:16:13-37
94            android:theme="@style/StripePaymentSheetDefaultTheme" />
94-->[com.stripe:paymentsheet:18.1.0] AndroidManifest.xml:17:13-66
95        <activity
95-->[com.stripe:payments-core:18.1.0] AndroidManifest.xml:17:9-20:57
96            android:name="com.stripe.android.view.AddPaymentMethodActivity"
96-->[com.stripe:payments-core:18.1.0] AndroidManifest.xml:18:13-76
97            android:exported="false"
97-->[com.stripe:payments-core:18.1.0] AndroidManifest.xml:19:13-37
98            android:theme="@style/StripeDefaultTheme" />
98-->[com.stripe:payments-core:18.1.0] AndroidManifest.xml:20:13-54
99        <activity
99-->[com.stripe:payments-core:18.1.0] AndroidManifest.xml:21:9-24:57
100            android:name="com.stripe.android.view.PaymentMethodsActivity"
100-->[com.stripe:payments-core:18.1.0] AndroidManifest.xml:22:13-74
101            android:exported="false"
101-->[com.stripe:payments-core:18.1.0] AndroidManifest.xml:23:13-37
102            android:theme="@style/StripeDefaultTheme" />
102-->[com.stripe:payments-core:18.1.0] AndroidManifest.xml:24:13-54
103        <activity
103-->[com.stripe:payments-core:18.1.0] AndroidManifest.xml:25:9-28:57
104            android:name="com.stripe.android.view.PaymentFlowActivity"
104-->[com.stripe:payments-core:18.1.0] AndroidManifest.xml:26:13-71
105            android:exported="false"
105-->[com.stripe:payments-core:18.1.0] AndroidManifest.xml:27:13-37
106            android:theme="@style/StripeDefaultTheme" />
106-->[com.stripe:payments-core:18.1.0] AndroidManifest.xml:28:13-54
107        <activity
107-->[com.stripe:payments-core:18.1.0] AndroidManifest.xml:29:9-33:58
108            android:name="com.stripe.android.view.PaymentAuthWebViewActivity"
108-->[com.stripe:payments-core:18.1.0] AndroidManifest.xml:30:13-78
109            android:exported="false"
109-->[com.stripe:payments-core:18.1.0] AndroidManifest.xml:31:13-37
110            android:theme="@style/StripeDefaultTheme"
110-->[com.stripe:payments-core:18.1.0] AndroidManifest.xml:32:13-54
111            android:windowSoftInputMode="adjustResize" />
111-->[com.stripe:payments-core:18.1.0] AndroidManifest.xml:33:13-55
112        <activity
112-->[com.stripe:payments-core:18.1.0] AndroidManifest.xml:34:9-37:61
113            android:name="com.stripe.android.view.PaymentRelayActivity"
113-->[com.stripe:payments-core:18.1.0] AndroidManifest.xml:35:13-72
114            android:exported="false"
114-->[com.stripe:payments-core:18.1.0] AndroidManifest.xml:36:13-37
115            android:theme="@style/StripeTransparentTheme" />
115-->[com.stripe:payments-core:18.1.0] AndroidManifest.xml:37:13-58
116        <!--
117        Set android:launchMode="singleTop" so that the StripeBrowserLauncherActivity instance that
118        launched the browser Activity will also handle the return URL deep link.
119        -->
120        <activity
120-->[com.stripe:payments-core:18.1.0] AndroidManifest.xml:43:9-60:20
121            android:name="com.stripe.android.payments.StripeBrowserLauncherActivity"
121-->[com.stripe:payments-core:18.1.0] AndroidManifest.xml:44:13-85
122            android:exported="true"
122-->[com.stripe:payments-core:18.1.0] AndroidManifest.xml:45:13-36
123            android:launchMode="singleTask"
123-->[com.stripe:payments-core:18.1.0] AndroidManifest.xml:46:13-44
124            android:theme="@style/StripeTransparentTheme" >
124-->[com.stripe:payments-core:18.1.0] AndroidManifest.xml:47:13-58
125            <intent-filter>
125-->[com.stripe:payments-core:18.1.0] AndroidManifest.xml:48:13-59:29
126                <action android:name="android.intent.action.VIEW" />
126-->[com.stripe:payments-core:18.1.0] AndroidManifest.xml:49:17-69
126-->[com.stripe:payments-core:18.1.0] AndroidManifest.xml:49:25-66
127
128                <category android:name="android.intent.category.DEFAULT" />
128-->[com.stripe:payments-core:18.1.0] AndroidManifest.xml:51:17-76
128-->[com.stripe:payments-core:18.1.0] AndroidManifest.xml:51:27-73
129                <category android:name="android.intent.category.BROWSABLE" />
129-->[com.stripe:payments-core:18.1.0] AndroidManifest.xml:52:17-78
129-->[com.stripe:payments-core:18.1.0] AndroidManifest.xml:52:27-75
130
131                <!-- Must match `DefaultReturnUrl#value`. -->
132                <data
132-->[com.stripe:payments-core:18.1.0] AndroidManifest.xml:55:17-58:50
133                    android:host="payment_return_url"
133-->[com.stripe:payments-core:18.1.0] AndroidManifest.xml:56:21-54
134                    android:path="/com.example.payment_gateway"
134-->[com.stripe:payments-core:18.1.0] AndroidManifest.xml:57:21-53
135                    android:scheme="stripesdk" />
135-->[com.stripe:payments-core:18.1.0] AndroidManifest.xml:58:21-47
136            </intent-filter>
137        </activity>
138        <activity
138-->[com.stripe:payments-core:18.1.0] AndroidManifest.xml:61:9-64:57
139            android:name="com.stripe.android.payments.core.authentication.threeds2.Stripe3ds2TransactionActivity"
139-->[com.stripe:payments-core:18.1.0] AndroidManifest.xml:62:13-114
140            android:exported="false"
140-->[com.stripe:payments-core:18.1.0] AndroidManifest.xml:63:13-37
141            android:theme="@style/StripeDefaultTheme" />
141-->[com.stripe:payments-core:18.1.0] AndroidManifest.xml:64:13-54
142        <activity
142-->[com.stripe:payments-core:18.1.0] AndroidManifest.xml:65:9-68:66
143            android:name="com.stripe.android.googlepaylauncher.StripeGooglePayActivity"
143-->[com.stripe:payments-core:18.1.0] AndroidManifest.xml:66:13-88
144            android:exported="false"
144-->[com.stripe:payments-core:18.1.0] AndroidManifest.xml:67:13-37
145            android:theme="@style/StripeGooglePayDefaultTheme" />
145-->[com.stripe:payments-core:18.1.0] AndroidManifest.xml:68:13-63
146        <activity
146-->[com.stripe:payments-core:18.1.0] AndroidManifest.xml:69:9-72:66
147            android:name="com.stripe.android.googlepaylauncher.GooglePayLauncherActivity"
147-->[com.stripe:payments-core:18.1.0] AndroidManifest.xml:70:13-90
148            android:exported="false"
148-->[com.stripe:payments-core:18.1.0] AndroidManifest.xml:71:13-37
149            android:theme="@style/StripeGooglePayDefaultTheme" />
149-->[com.stripe:payments-core:18.1.0] AndroidManifest.xml:72:13-63
150        <activity
150-->[com.stripe:payments-core:18.1.0] AndroidManifest.xml:73:9-76:66
151            android:name="com.stripe.android.googlepaylauncher.GooglePayPaymentMethodLauncherActivity"
151-->[com.stripe:payments-core:18.1.0] AndroidManifest.xml:74:13-103
152            android:exported="false"
152-->[com.stripe:payments-core:18.1.0] AndroidManifest.xml:75:13-37
153            android:theme="@style/StripeGooglePayDefaultTheme" />
153-->[com.stripe:payments-core:18.1.0] AndroidManifest.xml:76:13-63
154        <activity
154-->[com.stripe:payments-core:18.1.0] AndroidManifest.xml:77:9-80:62
155            android:name="com.stripe.android.payments.paymentlauncher.PaymentLauncherConfirmationActivity"
155-->[com.stripe:payments-core:18.1.0] AndroidManifest.xml:78:13-107
156            android:exported="false"
156-->[com.stripe:payments-core:18.1.0] AndroidManifest.xml:79:13-37
157            android:theme="@style/PayLauncherDefaultTheme" />
157-->[com.stripe:payments-core:18.1.0] AndroidManifest.xml:80:13-59
158        <activity
158-->[com.stripe:stripe-3ds2-android:6.1.2] AndroidManifest.xml:10:9-13:54
159            android:name="com.stripe.android.stripe3ds2.views.ChallengeActivity"
159-->[com.stripe:stripe-3ds2-android:6.1.2] AndroidManifest.xml:11:13-81
160            android:exported="false"
160-->[com.stripe:stripe-3ds2-android:6.1.2] AndroidManifest.xml:12:13-37
161            android:theme="@style/Stripe3DS2Theme" />
161-->[com.stripe:stripe-3ds2-android:6.1.2] AndroidManifest.xml:13:13-51
162
163        <receiver android:name="com.razorpay.RzpTokenReceiver" >
163-->[com.razorpay:checkout:1.6.10] AndroidManifest.xml:12:9-16:20
163-->[com.razorpay:checkout:1.6.10] AndroidManifest.xml:12:19-63
164            <intent-filter>
164-->[com.razorpay:checkout:1.6.10] AndroidManifest.xml:13:13-15:29
165                <action android:name="rzp.device_token.share" />
165-->[com.razorpay:checkout:1.6.10] AndroidManifest.xml:14:17-65
165-->[com.razorpay:checkout:1.6.10] AndroidManifest.xml:14:25-62
166            </intent-filter>
167        </receiver>
168
169        <activity
169-->[com.google.android.gms:play-services-auth:17.0.0] AndroidManifest.xml:23:9-27:75
170            android:name="com.google.android.gms.auth.api.signin.internal.SignInHubActivity"
170-->[com.google.android.gms:play-services-auth:17.0.0] AndroidManifest.xml:24:13-93
171            android:excludeFromRecents="true"
171-->[com.google.android.gms:play-services-auth:17.0.0] AndroidManifest.xml:25:13-46
172            android:exported="false"
172-->[com.google.android.gms:play-services-auth:17.0.0] AndroidManifest.xml:26:13-37
173            android:theme="@android:style/Theme.Translucent.NoTitleBar" />
173-->[com.google.android.gms:play-services-auth:17.0.0] AndroidManifest.xml:27:13-72
174        <!--
175            Service handling Google Sign-In user revocation. For apps that do not integrate with
176            Google Sign-In, this service will never be started.
177        -->
178        <service
178-->[com.google.android.gms:play-services-auth:17.0.0] AndroidManifest.xml:33:9-36:110
179            android:name="com.google.android.gms.auth.api.signin.RevocationBoundService"
179-->[com.google.android.gms:play-services-auth:17.0.0] AndroidManifest.xml:34:13-89
180            android:exported="true"
180-->[com.google.android.gms:play-services-auth:17.0.0] AndroidManifest.xml:35:13-36
181            android:permission="com.google.android.gms.auth.api.signin.permission.REVOCATION_NOTIFICATION" /> <!-- Needs to be explicitly declared on P+ -->
181-->[com.google.android.gms:play-services-auth:17.0.0] AndroidManifest.xml:36:13-107
182        <uses-library
182-->[com.google.android.gms:play-services-maps:17.0.0] AndroidManifest.xml:33:9-35:40
183            android:name="org.apache.http.legacy"
183-->[com.google.android.gms:play-services-maps:17.0.0] AndroidManifest.xml:34:13-50
184            android:required="false" />
184-->[com.google.android.gms:play-services-maps:17.0.0] AndroidManifest.xml:35:13-37
185
186        <activity
186-->[com.google.android.gms:play-services-base:17.5.0] AndroidManifest.xml:23:9-26:75
187            android:name="com.google.android.gms.common.api.GoogleApiActivity"
187-->[com.google.android.gms:play-services-base:17.5.0] AndroidManifest.xml:24:13-79
188            android:exported="false"
188-->[com.google.android.gms:play-services-base:17.5.0] AndroidManifest.xml:25:13-37
189            android:theme="@android:style/Theme.Translucent.NoTitleBar" />
189-->[com.google.android.gms:play-services-base:17.5.0] AndroidManifest.xml:26:13-72
190
191        <meta-data
191-->[com.google.android.gms:play-services-basement:17.5.0] AndroidManifest.xml:23:9-25:69
192            android:name="com.google.android.gms.version"
192-->[com.google.android.gms:play-services-basement:17.5.0] AndroidManifest.xml:24:13-58
193            android:value="@integer/google_play_services_version" />
193-->[com.google.android.gms:play-services-basement:17.5.0] AndroidManifest.xml:25:13-66
194
195        <provider
195-->[androidx.profileinstaller:profileinstaller:1.0.4] AndroidManifest.xml:26:9-34:20
196            android:name="androidx.startup.InitializationProvider"
196-->[androidx.profileinstaller:profileinstaller:1.0.4] AndroidManifest.xml:27:13-67
197            android:authorities="com.example.payment_gateway.androidx-startup"
197-->[androidx.profileinstaller:profileinstaller:1.0.4] AndroidManifest.xml:28:13-68
198            android:exported="false" >
198-->[androidx.profileinstaller:profileinstaller:1.0.4] AndroidManifest.xml:29:13-37
199            <meta-data
199-->[androidx.profileinstaller:profileinstaller:1.0.4] AndroidManifest.xml:31:13-33:52
200                android:name="androidx.profileinstaller.ProfileInstallerInitializer"
200-->[androidx.profileinstaller:profileinstaller:1.0.4] AndroidManifest.xml:32:17-85
201                android:value="androidx.startup" />
201-->[androidx.profileinstaller:profileinstaller:1.0.4] AndroidManifest.xml:33:17-49
202        </provider>
203
204        <receiver
204-->[androidx.profileinstaller:profileinstaller:1.0.4] AndroidManifest.xml:36:9-45:20
205            android:name="androidx.profileinstaller.ProfileInstallReceiver"
205-->[androidx.profileinstaller:profileinstaller:1.0.4] AndroidManifest.xml:37:13-76
206            android:directBootAware="false"
206-->[androidx.profileinstaller:profileinstaller:1.0.4] AndroidManifest.xml:38:13-44
207            android:enabled="true"
207-->[androidx.profileinstaller:profileinstaller:1.0.4] AndroidManifest.xml:39:13-35
208            android:exported="true"
208-->[androidx.profileinstaller:profileinstaller:1.0.4] AndroidManifest.xml:40:13-36
209            android:permission="android.permission.DUMP" >
209-->[androidx.profileinstaller:profileinstaller:1.0.4] AndroidManifest.xml:41:13-57
210            <intent-filter>
210-->[androidx.profileinstaller:profileinstaller:1.0.4] AndroidManifest.xml:42:13-44:29
211                <action android:name="androidx.profileinstaller.action.INSTALL_PROFILE" />
211-->[androidx.profileinstaller:profileinstaller:1.0.4] AndroidManifest.xml:43:17-91
211-->[androidx.profileinstaller:profileinstaller:1.0.4] AndroidManifest.xml:43:25-88
212            </intent-filter>
213        </receiver>
214    </application>
215
216</manifest>